Determining if the pthread_create exist failed with the following output:
Change Dir: /home/thanos/Desktop/MedicalSimulator/build/CMakeFiles/CMakeTmp

Run Build Command:"/usr/bin/make" "cmTC_317ec/fast"
make[1]: Entering directory '/home/thanos/Desktop/MedicalSimulator/build/CMakeFiles/CMakeTmp'
/usr/bin/make -f CMakeFiles/cmTC_317ec.dir/build.make CMakeFiles/cmTC_317ec.dir/build
make[2]: Entering directory '/home/thanos/Desktop/MedicalSimulator/build/CMakeFiles/CMakeTmp'
Building C object CMakeFiles/cmTC_317ec.dir/CheckSymbolExists.c.o
/usr/bin/cc    -o CMakeFiles/cmTC_317ec.dir/CheckSymbolExists.c.o   -c /home/thanos/Desktop/MedicalSimulator/build/CMakeFiles/CMakeTmp/CheckSymbolExists.c
Linking C executable cmTC_317ec
/usr/bin/cmake -E cmake_link_script CMakeFiles/cmTC_317ec.dir/link.txt --verbose=1
/usr/bin/cc      -rdynamic CMakeFiles/cmTC_317ec.dir/CheckSymbolExists.c.o  -o cmTC_317ec 
CMakeFiles/cmTC_317ec.dir/CheckSymbolExists.c.o: In function `main':
CheckSymbolExists.c:(.text+0x1b): undefined reference to `pthread_create'
collect2: error: ld returned 1 exit status
CMakeFiles/cmTC_317ec.dir/build.make:97: recipe for target 'cmTC_317ec' failed
make[2]: *** [cmTC_317ec] Error 1
make[2]: Leaving directory '/home/thanos/Desktop/MedicalSimulator/build/CMakeFiles/CMakeTmp'
Makefile:126: recipe for target 'cmTC_317ec/fast' failed
make[1]: *** [cmTC_317ec/fast] Error 2
make[1]: Leaving directory '/home/thanos/Desktop/MedicalSimulator/build/CMakeFiles/CMakeTmp'

File /home/thanos/Desktop/MedicalSimulator/build/CMakeFiles/CMakeTmp/CheckSymbolExists.c:
/* */
#include <pthread.h>

int main(int argc, char** argv)
{
  (void)argv;
#ifndef pthread_create
  return ((int*)(&pthread_create))[argc];
#else
  (void)argc;
  return 0;
#endif
}

Determining if the function pthread_create exists in the pthreads failed with the following output:
Change Dir: /home/thanos/Desktop/MedicalSimulator/build/CMakeFiles/CMakeTmp

Run Build Command:"/usr/bin/make" "cmTC_ecc53/fast"
make[1]: Entering directory '/home/thanos/Desktop/MedicalSimulator/build/CMakeFiles/CMakeTmp'
/usr/bin/make -f CMakeFiles/cmTC_ecc53.dir/build.make CMakeFiles/cmTC_ecc53.dir/build
make[2]: Entering directory '/home/thanos/Desktop/MedicalSimulator/build/CMakeFiles/CMakeTmp'
Building C object CMakeFiles/cmTC_ecc53.dir/CheckFunctionExists.c.o
/usr/bin/cc   -DCHECK_FUNCTION_EXISTS=pthread_create   -o CMakeFiles/cmTC_ecc53.dir/CheckFunctionExists.c.o   -c /usr/share/cmake-3.10/Modules/CheckFunctionExists.c
Linking C executable cmTC_ecc53
/usr/bin/cmake -E cmake_link_script CMakeFiles/cmTC_ecc53.dir/link.txt --verbose=1
/usr/bin/cc  -DCHECK_FUNCTION_EXISTS=pthread_create    -rdynamic CMakeFiles/cmTC_ecc53.dir/CheckFunctionExists.c.o  -o cmTC_ecc53 -lpthreads 
/usr/bin/ld: cannot find -lpthreads
collect2: error: ld returned 1 exit status
CMakeFiles/cmTC_ecc53.dir/build.make:97: recipe for target 'cmTC_ecc53' failed
make[2]: *** [cmTC_ecc53] Error 1
make[2]: Leaving directory '/home/thanos/Desktop/MedicalSimulator/build/CMakeFiles/CMakeTmp'
Makefile:126: recipe for target 'cmTC_ecc53/fast' failed
make[1]: *** [cmTC_ecc53/fast] Error 2
make[1]: Leaving directory '/home/thanos/Desktop/MedicalSimulator/build/CMakeFiles/CMakeTmp'


